[{"stream_name":"stderr","time":10.026085211,"data":"0.00s - Debugger warning: It seems that frozen modules are being used, which may\n"}
,{"stream_name":"stderr","time":10.026190633,"data":"0.00s - make the debugger miss breakpoints. Please pass -Xfrozen_modules=off\n"}
,{"stream_name":"stderr","time":10.026197406,"data":"0.00s - to python to disable frozen modules.\n"}
,{"stream_name":"stderr","time":10.026200206,"data":"0.00s - Note: Debugging will proceed. Set PYDEVD_DISABLE_FILE_VALIDATION=1 to disable this validation.\n"}
,{"stream_name":"stderr","time":10.827866013,"data":"0.00s - Debugger warning: It seems that frozen modules are being used, which may\n"}
,{"stream_name":"stderr","time":10.827901836,"data":"0.00s - make the debugger miss breakpoints. Please pass -Xfrozen_modules=off\n"}
,{"stream_name":"stderr","time":10.827907466,"data":"0.00s - to python to disable frozen modules.\n"}
,{"stream_name":"stderr","time":10.827912263,"data":"0.00s - Note: Debugging will proceed. Set PYDEVD_DISABLE_FILE_VALIDATION=1 to disable this validation.\n"}
,{"stream_name":"stdout","time":17.42495604,"data":"\n"}
,{"stream_name":"stdout","time":17.425009779,"data":"============================================================\n"}
,{"stream_name":"stdout","time":17.425017056,"data":"LOADING MODEL AND FEATURES\n"}
,{"stream_name":"stdout","time":17.425022706,"data":"============================================================\n"}
,{"stream_name":"stdout","time":17.425027736,"data":"Submission Created: 2025-12-05 01:44:50\n"}
,{"stream_name":"stdout","time":17.425032685,"data":"Submission ID: 20251205_014450\n"}
,{"stream_name":"stdout","time":17.425036705,"data":"\n"}
,{"stream_name":"stdout","time":17.42503972,"data":"=== Searching for Model ===\n"}
,{"stream_name":"stdout","time":17.425042834,"data":"Available folders: ['nfl-model-v20251204-174257', 'nfl-big-data-bowl-2026-prediction']\n"}
,{"stream_name":"stdout","time":17.425046256999998,"data":"POLICY: Only accepting nfl_model_v*.pkl (NEW pattern)\n"}
,{"stream_name":"stdout","time":17.425049457,"data":"        Rejecting best_model_*.pkl (OLD pattern with NumPy issues)\n"}
,{"stream_name":"stdout","time":17.425053411,"data":"  Checking dataset: nfl-model-v20251204-174257\n"}
,{"stream_name":"stdout","time":17.425058308,"data":"✓ Found model in: /kaggle/input/nfl-model-v20251204-174257\n"}
,{"stream_name":"stdout","time":17.425062597,"data":"  Model at: /kaggle/input/nfl-model-v20251204-174257/for_kaggle/for_kaggle/models/nfl_model_v20251204_174256.pkl\n"}
,{"stream_name":"stdout","time":17.425065929,"data":"\n"}
,{"stream_name":"stdout","time":17.42506954,"data":"Searching for features.py in /kaggle/input\n"}
,{"stream_name":"stdout","time":17.42507433,"data":"  Checking model location: for_kaggle\n"}
,{"stream_name":"stdout","time":17.425079266,"data":"✓ Found features.py with model at: /kaggle/input/nfl-model-v20251204-174257/for_kaggle/for_kaggle/features.py\n"}
,{"stream_name":"stdout","time":17.425084467,"data":"\n"}
,{"stream_name":"stdout","time":17.42508978,"data":"✓ Loading features from: /kaggle/input/nfl-model-v20251204-174257/for_kaggle/for_kaggle/features.py\n"}
,{"stream_name":"stdout","time":17.425095124,"data":"✓ Loading model from: /kaggle/input/nfl-model-v20251204-174257/for_kaggle/for_kaggle/models/nfl_model_v20251204_174256.pkl\n"}
,{"stream_name":"stderr","time":20.777824322,"data":"Traceback (most recent call last):\n"}
,{"stream_name":"stderr","time":20.777860129,"data":"  File \"\u003cstring\u003e\", line 1, in \u003cmodule\u003e\n"}
,{"stream_name":"stderr","time":20.777868132000002,"data":"  File \"/usr/local/lib/python3.11/dist-packages/papermill/execute.py\", line 131, in execute_notebook\n"}
,{"stream_name":"stderr","time":20.777915217,"data":"    raise_for_execution_errors(nb, output_path)\n"}
,{"stream_name":"stderr","time":20.77792521,"data":"  File \"/usr/local/lib/python3.11/dist-packages/papermill/execute.py\", line 251, in raise_for_execution_errors\n"}
,{"stream_name":"stderr","time":20.778218071,"data":"    raise error\n"}
,{"stream_name":"stderr","time":20.778844424,"data":"papermill.exceptions.PapermillExecutionError: \n"}
,{"stream_name":"stderr","time":20.778860431,"data":"---------------------------------------------------------------------------\n"}
,{"stream_name":"stderr","time":20.778865181,"data":"Exception encountered at \"In [1]\":\n"}
,{"stream_name":"stderr","time":20.778869518,"data":"---------------------------------------------------------------------------\n"}
,{"stream_name":"stderr","time":20.778873398,"data":"GatewayRuntimeError                       Traceback (most recent call last)\n"}
,{"stream_name":"stderr","time":20.778877671,"data":"/tmp/ipykernel_13/1638520912.py in \u003ccell line: 0\u003e()\n"}
,{"stream_name":"stderr","time":20.778882083,"data":"    211 else:\n"}
,{"stream_name":"stderr","time":20.778886121,"data":"    212     # Provide path to published public competition files for local gateway\n"}
,{"stream_name":"stderr","time":20.778890065,"data":"--\u003e 213     inference_server.run_local_gateway(('/kaggle/input/nfl-big-data-bowl-2026-prediction/',))\n"}
,{"stream_name":"stderr","time":20.778893869,"data":"\n"}
,{"stream_name":"stderr","time":20.778897251,"data":"/kaggle/input/nfl-big-data-bowl-2026-prediction/kaggle_evaluation/core/templates.py in run_local_gateway(self, data_paths, file_share_dir, *args, **kwargs)\n"}
,{"stream_name":"stderr","time":20.778900441,"data":"    106             self.gateway.run()\n"}
,{"stream_name":"stderr","time":20.778902940000002,"data":"    107         except Exception as err:\n"}
,{"stream_name":"stderr","time":20.778916308,"data":"--\u003e 108             raise err from None\n"}
,{"stream_name":"stderr","time":20.778919343,"data":"    109         finally:\n"}
,{"stream_name":"stderr","time":20.778921863,"data":"    110             self.server.stop(0)\n"}
,{"stream_name":"stderr","time":20.778924366,"data":"\n"}
,{"stream_name":"stderr","time":20.778926737,"data":"/kaggle/input/nfl-big-data-bowl-2026-prediction/kaggle_evaluation/core/templates.py in run_local_gateway(self, data_paths, file_share_dir, *args, **kwargs)\n"}
,{"stream_name":"stderr","time":20.778934501,"data":"    104         try:\n"}
,{"stream_name":"stderr","time":20.778937305,"data":"    105             self.gateway = self._get_gateway_for_test(data_paths, file_share_dir, *args, **kwargs)\n"}
,{"stream_name":"stderr","time":20.778940136,"data":"--\u003e 106             self.gateway.run()\n"}
,{"stream_name":"stderr","time":20.778943795,"data":"    107         except Exception as err:\n"}
,{"stream_name":"stderr","time":20.778947676,"data":"    108             raise err from None\n"}
,{"stream_name":"stderr","time":20.778951683,"data":"\n"}
,{"stream_name":"stderr","time":20.778955031,"data":"/kaggle/input/nfl-big-data-bowl-2026-prediction/kaggle_evaluation/core/base_gateway.py in run(self)\n"}
,{"stream_name":"stderr","time":20.778959225,"data":"    149         elif error:\n"}
,{"stream_name":"stderr","time":20.778963362,"data":"    150             # For local testing\n"}
,{"stream_name":"stderr","time":20.778967786,"data":"--\u003e 151             raise error\n"}
,{"stream_name":"stderr","time":20.778971498,"data":"    152 \n"}
,{"stream_name":"stderr","time":20.778975239,"data":"    153     @final\n"}
,{"stream_name":"stderr","time":20.779046386,"data":"\n"}
,{"stream_name":"stderr","time":20.779059744,"data":"/kaggle/input/nfl-big-data-bowl-2026-prediction/kaggle_evaluation/core/base_gateway.py in run(self)\n"}
,{"stream_name":"stderr","time":20.77906533,"data":"    130         try:\n"}
,{"stream_name":"stderr","time":20.779068923,"data":"    131             self.unpack_data_paths()\n"}
,{"stream_name":"stderr","time":20.779072863,"data":"--\u003e 132             predictions, row_ids = self.get_all_predictions()\n"}
,{"stream_name":"stderr","time":20.779076772,"data":"    133             self.write_submission(predictions, row_ids)\n"}
,{"stream_name":"stderr","time":20.779080291,"data":"    134         except GatewayRuntimeError as gre:\n"}
,{"stream_name":"stderr","time":20.779084387,"data":"\n"}
,{"stream_name":"stderr","time":20.779087964,"data":"/kaggle/input/nfl-big-data-bowl-2026-prediction/kaggle_evaluation/core/base_gateway.py in get_all_predictions(self)\n"}
,{"stream_name":"stderr","time":20.779094939,"data":"    106         self.data_batch_counter = 0\n"}
,{"stream_name":"stderr","time":20.779098811,"data":"    107         for data_batch, row_ids in self.generate_data_batches():\n"}
,{"stream_name":"stderr","time":20.77910272,"data":"--\u003e 108             predictions = self.predict(*data_batch)\n"}
,{"stream_name":"stderr","time":20.779106715,"data":"    109             self.competition_agnostic_validation(predictions, row_ids)\n"}
,{"stream_name":"stderr","time":20.779110607,"data":"    110             self.competition_specific_validation(predictions, row_ids, data_batch)\n"}
,{"stream_name":"stderr","time":20.779114481,"data":"\n"}
,{"stream_name":"stderr","time":20.779149289,"data":"/kaggle/input/nfl-big-data-bowl-2026-prediction/kaggle_evaluation/core/base_gateway.py in predict(self, *args, **kwargs)\n"}
,{"stream_name":"stderr","time":20.779153915,"data":"    124             return self.client.send('predict', *args, **kwargs)\n"}
,{"stream_name":"stderr","time":20.779158036,"data":"    125         except Exception as e:\n"}
,{"stream_name":"stderr","time":20.779161819,"data":"--\u003e 126             self.handle_server_error(e, 'predict')\n"}
,{"stream_name":"stderr","time":20.779165788,"data":"    127 \n"}
,{"stream_name":"stderr","time":20.779169834,"data":"    128     def run(self) -\u003e None:\n"}
,{"stream_name":"stderr","time":20.779174147,"data":"\n"}
,{"stream_name":"stderr","time":20.779177818,"data":"/kaggle/input/nfl-big-data-bowl-2026-prediction/kaggle_evaluation/core/base_gateway.py in handle_server_error(self, exception, endpoint)\n"}
,{"stream_name":"stderr","time":20.779182029,"data":"    429             message_match = re.search('\"Exception calling application: (.*)\"', exception_str, re.IGNORECASE)\n"}
,{"stream_name":"stderr","time":20.779186308,"data":"    430             message = message_match.group(1) if message_match else exception_str\n"}
,{"stream_name":"stderr","time":20.77919044,"data":"--\u003e 431             raise GatewayRuntimeError(GatewayRuntimeErrorType.SERVER_RAISED_EXCEPTION, message) from None\n"}
,{"stream_name":"stderr","time":20.77919433,"data":"    432         if isinstance(exception, grpc._channel._InactiveRpcError):\n"}
,{"stream_name":"stderr","time":20.779197263,"data":"    433             raise GatewayRuntimeError(GatewayRuntimeErrorType.SERVER_CONNECTION_FAILED, exception_str) from None\n"}
,{"stream_name":"stderr","time":20.779200669,"data":"\n"}
,{"stream_name":"stderr","time":20.779203204,"data":"GatewayRuntimeError: (\u003cGatewayRuntimeErrorType.SERVER_RAISED_EXCEPTION: 3\u003e, \"\u003cclass 'numpy.random._pcg64.PCG64'\u003e is not a known BitGenerator module.\")\n"}
,{"stream_name":"stderr","time":20.779212525,"data":"\n"}
,{"stream_name":"stderr","time":24.965928485,"data":"/usr/local/lib/python3.11/dist-packages/traitlets/traitlets.py:2915: FutureWarning: --Exporter.preprocessors=[\"remove_papermill_header.RemovePapermillHeader\"] for containers is deprecated in traitlets 5.0. You can pass `--Exporter.preprocessors item` ... multiple times to add items to a list.\n"}
,{"stream_name":"stderr","time":24.965972834,"data":"  warn(\n"}
,{"stream_name":"stderr","time":25.015764601,"data":"[NbConvertApp] Converting notebook __notebook__.ipynb to notebook\n"}
,{"stream_name":"stderr","time":25.362473485,"data":"[NbConvertApp] Writing 24188 bytes to __notebook__.ipynb\n"}
,{"stream_name":"stderr","time":28.63073748,"data":"/usr/local/lib/python3.11/dist-packages/traitlets/traitlets.py:2915: FutureWarning: --Exporter.preprocessors=[\"nbconvert.preprocessors.ExtractOutputPreprocessor\"] for containers is deprecated in traitlets 5.0. You can pass `--Exporter.preprocessors item` ... multiple times to add items to a list.\n"}
,{"stream_name":"stderr","time":28.63077751,"data":"  warn(\n"}
,{"stream_name":"stderr","time":28.66455645,"data":"[NbConvertApp] Converting notebook __notebook__.ipynb to html\n"}
,{"stream_name":"stderr","time":29.649604101,"data":"[NbConvertApp] Writing 315483 bytes to __results__.html\n"}
]