[{"stream_name":"stderr","time":9.991811533,"data":"0.00s - Debugger warning: It seems that frozen modules are being used, which may\n"}
,{"stream_name":"stderr","time":9.991858756,"data":"0.00s - make the debugger miss breakpoints. Please pass -Xfrozen_modules=off\n"}
,{"stream_name":"stderr","time":9.991863921,"data":"0.00s - to python to disable frozen modules.\n"}
,{"stream_name":"stderr","time":9.991866885,"data":"0.00s - Note: Debugging will proceed. Set PYDEVD_DISABLE_FILE_VALIDATION=1 to disable this validation.\n"}
,{"stream_name":"stderr","time":10.757250213,"data":"0.00s - Debugger warning: It seems that frozen modules are being used, which may\n"}
,{"stream_name":"stderr","time":10.757292188,"data":"0.00s - make the debugger miss breakpoints. Please pass -Xfrozen_modules=off\n"}
,{"stream_name":"stderr","time":10.75729834,"data":"0.00s - to python to disable frozen modules.\n"}
,{"stream_name":"stderr","time":10.757302016,"data":"0.00s - Note: Debugging will proceed. Set PYDEVD_DISABLE_FILE_VALIDATION=1 to disable this validation.\n"}
,{"stream_name":"stdout","time":17.327253225,"data":"\n"}
,{"stream_name":"stdout","time":17.327327899,"data":"============================================================\n"}
,{"stream_name":"stdout","time":17.327336326,"data":"LOADING MODEL AND FEATURES\n"}
,{"stream_name":"stdout","time":17.327341434,"data":"============================================================\n"}
,{"stream_name":"stdout","time":17.327347103,"data":"Submission Created: 2025-12-05 01:51:22\n"}
,{"stream_name":"stdout","time":17.327351825,"data":"Submission ID: 20251205_015122\n"}
,{"stream_name":"stdout","time":17.327357033,"data":"\n"}
,{"stream_name":"stdout","time":17.327361482,"data":"=== Searching for Model ===\n"}
,{"stream_name":"stdout","time":17.327364794,"data":"Available folders: ['nfl-big-data-bowl-2026-prediction', 'nfl-model-v20251204-174944']\n"}
,{"stream_name":"stdout","time":17.327368359,"data":"POLICY: Only accepting nfl_model_v*.pkl (NEW pattern)\n"}
,{"stream_name":"stdout","time":17.327372073,"data":"        Rejecting best_model_*.pkl (OLD pattern with NumPy issues)\n"}
,{"stream_name":"stdout","time":17.327375836,"data":"  Skipping competition folder: nfl-big-data-bowl-2026-prediction\n"}
,{"stream_name":"stdout","time":17.327379215,"data":"  Checking dataset: nfl-model-v20251204-174944\n"}
,{"stream_name":"stdout","time":17.327382778,"data":"✓ Found model in: /kaggle/input/nfl-model-v20251204-174944\n"}
,{"stream_name":"stdout","time":17.327386595,"data":"  Model at: /kaggle/input/nfl-model-v20251204-174944/for_kaggle/for_kaggle/models/nfl_model_v20251204_174944.pkl\n"}
,{"stream_name":"stdout","time":17.327390303,"data":"\n"}
,{"stream_name":"stdout","time":17.327393285,"data":"Searching for features.py in /kaggle/input\n"}
,{"stream_name":"stdout","time":17.327396337,"data":"  Checking model location: for_kaggle\n"}
,{"stream_name":"stdout","time":17.327399694,"data":"✓ Found features.py with model at: /kaggle/input/nfl-model-v20251204-174944/for_kaggle/for_kaggle/features.py\n"}
,{"stream_name":"stdout","time":17.327403089,"data":"\n"}
,{"stream_name":"stdout","time":17.327406935,"data":"✓ Found features at: /kaggle/input/nfl-model-v20251204-174944/for_kaggle/for_kaggle/features.py\n"}
,{"stream_name":"stdout","time":17.327411703,"data":"✓ Found model at: /kaggle/input/nfl-model-v20251204-174944/for_kaggle/for_kaggle/models/nfl_model_v20251204_174944.pkl\n"}
,{"stream_name":"stdout","time":17.327415144,"data":"✓ Stored paths in environment\n"}
,{"stream_name":"stdout","time":17.327418323,"data":"============================================================\n"}
,{"stream_name":"stdout","time":17.327433403,"data":"\n"}
,{"stream_name":"stderr","time":20.610729685,"data":"Traceback (most recent call last):\n"}
,{"stream_name":"stderr","time":20.610762231,"data":"  File \"\u003cstring\u003e\", line 1, in \u003cmodule\u003e\n"}
,{"stream_name":"stderr","time":20.61082786,"data":"  File \"/usr/local/lib/python3.11/dist-packages/papermill/execute.py\", line 131, in execute_notebook\n"}
,{"stream_name":"stderr","time":20.61087304,"data":"    raise_for_execution_errors(nb, output_path)\n"}
,{"stream_name":"stderr","time":20.610890226,"data":"  File \"/usr/local/lib/python3.11/dist-packages/papermill/execute.py\", line 251, in raise_for_execution_errors\n"}
,{"stream_name":"stderr","time":20.611098389,"data":"    raise error\n"}
,{"stream_name":"stderr","time":20.611611739,"data":"papermill.exceptions.PapermillExecutionError: \n"}
,{"stream_name":"stderr","time":20.611624736,"data":"---------------------------------------------------------------------------\n"}
,{"stream_name":"stderr","time":20.611629362,"data":"Exception encountered at \"In [1]\":\n"}
,{"stream_name":"stderr","time":20.611633588,"data":"---------------------------------------------------------------------------\n"}
,{"stream_name":"stderr","time":20.611637976,"data":"GatewayRuntimeError                       Traceback (most recent call last)\n"}
,{"stream_name":"stderr","time":20.611642104,"data":"/tmp/ipykernel_13/2551204674.py in \u003ccell line: 0\u003e()\n"}
,{"stream_name":"stderr","time":20.61164646,"data":"    222 else:\n"}
,{"stream_name":"stderr","time":20.611649834,"data":"    223     # Provide path to published public competition files for local gateway\n"}
,{"stream_name":"stderr","time":20.611653764,"data":"--\u003e 224     inference_server.run_local_gateway(('/kaggle/input/nfl-big-data-bowl-2026-prediction/',))\n"}
,{"stream_name":"stderr","time":20.611657441,"data":"\n"}
,{"stream_name":"stderr","time":20.61166085,"data":"/kaggle/input/nfl-big-data-bowl-2026-prediction/kaggle_evaluation/core/templates.py in run_local_gateway(self, data_paths, file_share_dir, *args, **kwargs)\n"}
,{"stream_name":"stderr","time":20.61166483,"data":"    106             self.gateway.run()\n"}
,{"stream_name":"stderr","time":20.611668863,"data":"    107         except Exception as err:\n"}
,{"stream_name":"stderr","time":20.611673125,"data":"--\u003e 108             raise err from None\n"}
,{"stream_name":"stderr","time":20.611677188,"data":"    109         finally:\n"}
,{"stream_name":"stderr","time":20.611680615,"data":"    110             self.server.stop(0)\n"}
,{"stream_name":"stderr","time":20.611684021,"data":"\n"}
,{"stream_name":"stderr","time":20.611687553,"data":"/kaggle/input/nfl-big-data-bowl-2026-prediction/kaggle_evaluation/core/templates.py in run_local_gateway(self, data_paths, file_share_dir, *args, **kwargs)\n"}
,{"stream_name":"stderr","time":20.611691533,"data":"    104         try:\n"}
,{"stream_name":"stderr","time":20.61169528,"data":"    105             self.gateway = self._get_gateway_for_test(data_paths, file_share_dir, *args, **kwargs)\n"}
,{"stream_name":"stderr","time":20.611699466,"data":"--\u003e 106             self.gateway.run()\n"}
,{"stream_name":"stderr","time":20.611703561,"data":"    107         except Exception as err:\n"}
,{"stream_name":"stderr","time":20.611707341,"data":"    108             raise err from None\n"}
,{"stream_name":"stderr","time":20.611711009,"data":"\n"}
,{"stream_name":"stderr","time":20.611714629,"data":"/kaggle/input/nfl-big-data-bowl-2026-prediction/kaggle_evaluation/core/base_gateway.py in run(self)\n"}
,{"stream_name":"stderr","time":20.611718585,"data":"    149         elif error:\n"}
,{"stream_name":"stderr","time":20.611735214,"data":"    150             # For local testing\n"}
,{"stream_name":"stderr","time":20.611739355,"data":"--\u003e 151             raise error\n"}
,{"stream_name":"stderr","time":20.611743688,"data":"    152 \n"}
,{"stream_name":"stderr","time":20.611747835,"data":"    153     @final\n"}
,{"stream_name":"stderr","time":20.611751745,"data":"\n"}
,{"stream_name":"stderr","time":20.611755439,"data":"/kaggle/input/nfl-big-data-bowl-2026-prediction/kaggle_evaluation/core/base_gateway.py in run(self)\n"}
,{"stream_name":"stderr","time":20.611759293,"data":"    130         try:\n"}
,{"stream_name":"stderr","time":20.611781192,"data":"    131             self.unpack_data_paths()\n"}
,{"stream_name":"stderr","time":20.611792619,"data":"--\u003e 132             predictions, row_ids = self.get_all_predictions()\n"}
,{"stream_name":"stderr","time":20.611796464,"data":"    133             self.write_submission(predictions, row_ids)\n"}
,{"stream_name":"stderr","time":20.611800652,"data":"    134         except GatewayRuntimeError as gre:\n"}
,{"stream_name":"stderr","time":20.611804164,"data":"\n"}
,{"stream_name":"stderr","time":20.611807398,"data":"/kaggle/input/nfl-big-data-bowl-2026-prediction/kaggle_evaluation/core/base_gateway.py in get_all_predictions(self)\n"}
,{"stream_name":"stderr","time":20.611812746,"data":"    106         self.data_batch_counter = 0\n"}
,{"stream_name":"stderr","time":20.611817013,"data":"    107         for data_batch, row_ids in self.generate_data_batches():\n"}
,{"stream_name":"stderr","time":20.611821068,"data":"--\u003e 108             predictions = self.predict(*data_batch)\n"}
,{"stream_name":"stderr","time":20.611825548,"data":"    109             self.competition_agnostic_validation(predictions, row_ids)\n"}
,{"stream_name":"stderr","time":20.611829703,"data":"    110             self.competition_specific_validation(predictions, row_ids, data_batch)\n"}
,{"stream_name":"stderr","time":20.611833803,"data":"\n"}
,{"stream_name":"stderr","time":20.611837704,"data":"/kaggle/input/nfl-big-data-bowl-2026-prediction/kaggle_evaluation/core/base_gateway.py in predict(self, *args, **kwargs)\n"}
,{"stream_name":"stderr","time":20.611841853,"data":"    124             return self.client.send('predict', *args, **kwargs)\n"}
,{"stream_name":"stderr","time":20.611845812,"data":"    125         except Exception as e:\n"}
,{"stream_name":"stderr","time":20.611849603,"data":"--\u003e 126             self.handle_server_error(e, 'predict')\n"}
,{"stream_name":"stderr","time":20.611853621,"data":"    127 \n"}
,{"stream_name":"stderr","time":20.611857782,"data":"    128     def run(self) -\u003e None:\n"}
,{"stream_name":"stderr","time":20.611861923,"data":"\n"}
,{"stream_name":"stderr","time":20.611865668,"data":"/kaggle/input/nfl-big-data-bowl-2026-prediction/kaggle_evaluation/core/base_gateway.py in handle_server_error(self, exception, endpoint)\n"}
,{"stream_name":"stderr","time":20.611869898,"data":"    429             message_match = re.search('\"Exception calling application: (.*)\"', exception_str, re.IGNORECASE)\n"}
,{"stream_name":"stderr","time":20.611875048,"data":"    430             message = message_match.group(1) if message_match else exception_str\n"}
,{"stream_name":"stderr","time":20.611877936,"data":"--\u003e 431             raise GatewayRuntimeError(GatewayRuntimeErrorType.SERVER_RAISED_EXCEPTION, message) from None\n"}
,{"stream_name":"stderr","time":20.611880561,"data":"    432         if isinstance(exception, grpc._channel._InactiveRpcError):\n"}
,{"stream_name":"stderr","time":20.611883068,"data":"    433             raise GatewayRuntimeError(GatewayRuntimeErrorType.SERVER_CONNECTION_FAILED, exception_str) from None\n"}
,{"stream_name":"stderr","time":20.611889449,"data":"\n"}
,{"stream_name":"stderr","time":20.611892087,"data":"GatewayRuntimeError: (\u003cGatewayRuntimeErrorType.SERVER_RAISED_EXCEPTION: 3\u003e, \"\u003cclass 'numpy.random._pcg64.PCG64'\u003e is not a known BitGenerator module.\")\n"}
,{"stream_name":"stderr","time":20.611895239,"data":"\n"}
,{"stream_name":"stderr","time":24.851886429,"data":"/usr/local/lib/python3.11/dist-packages/traitlets/traitlets.py:2915: FutureWarning: --Exporter.preprocessors=[\"remove_papermill_header.RemovePapermillHeader\"] for containers is deprecated in traitlets 5.0. You can pass `--Exporter.preprocessors item` ... multiple times to add items to a list.\n"}
,{"stream_name":"stderr","time":24.851943685,"data":"  warn(\n"}
,{"stream_name":"stderr","time":24.900568576,"data":"[NbConvertApp] Converting notebook __notebook__.ipynb to notebook\n"}
,{"stream_name":"stderr","time":25.264384548,"data":"[NbConvertApp] Writing 24917 bytes to __notebook__.ipynb\n"}
,{"stream_name":"stderr","time":28.690532912,"data":"/usr/local/lib/python3.11/dist-packages/traitlets/traitlets.py:2915: FutureWarning: --Exporter.preprocessors=[\"nbconvert.preprocessors.ExtractOutputPreprocessor\"] for containers is deprecated in traitlets 5.0. You can pass `--Exporter.preprocessors item` ... multiple times to add items to a list.\n"}
,{"stream_name":"stderr","time":28.690577135,"data":"  warn(\n"}
,{"stream_name":"stderr","time":28.728111234,"data":"[NbConvertApp] Converting notebook __notebook__.ipynb to html\n"}
,{"stream_name":"stderr","time":29.746178094,"data":"[NbConvertApp] Writing 317874 bytes to __results__.html\n"}
]